Build started 4/19/2013 12:21:10 PM.
     1>Project "E:\Work_Work\Backup\SVN\Team\Team_Alien\GAM 550\mem\AlienEngine.vcxproj" on node 2 (build target(s)).
     1>InitializeBuildStatus:
         Creating "Release\AlienEngine.unsuccessfulbuild" because "AlwaysCreate" was specified.
       ClCompile:
         E:\Program Files (x86)\Microsoft Visual Studio 10.0\VC\bin\CL.exe /c /Zi /nologo /W3 /WX- /O2 /Oi /Oy- /GL /D WIN32 /D NDEBUG /D _CONSOLE /D _MBCS /Gm- /EHsc /MD /GS /Gy /fp:precise /Zc:wchar_t /Zc:forScope /Fo"Release\\" /Fd"Release\vc100.pdb" /Gd /TP /analyze- /errorReport:prompt source\AllocatorRelease.cpp source\Global.cpp source\MemAllocatorGen.cpp source\MemBank_Pooled.cpp source\Pool_Static.cpp
         AllocatorRelease.cpp
         Global.cpp
         MemAllocatorGen.cpp
         MemBank_Pooled.cpp
         Pool_Static.cpp
       ResourceCompile:
         All outputs are up-to-date.
       Link:
         E:\Program Files (x86)\Microsoft Visual Studio 10.0\VC\bin\link.exe /ERRORREPORT:PROMPT /OUT:"E:\Work_Work\Backup\SVN\Team\Team_Alien\GAM 550\mem\Release\AlienEngine.exe" /INCREMENTAL:NO /NOLOGO /MANIFEST /ManifestFile:"Release\AlienEngine.exe.intermediate.manifest" /MANIFESTUAC:"level='asInvoker' uiAccess='false'" /DEBUG /PDB:"E:\Work_Work\Backup\SVN\Team\Team_Alien\GAM 550\mem\Release\AlienEngine.pdb" /SUBSYSTEM:WINDOWS /OPT:REF /OPT:ICF /LTCG /TLBID:1 /DYNAMICBASE /NXCOMPAT /IMPLIB:"E:\Work_Work\Backup\SVN\Team\Team_Alien\GAM 550\mem\Release\AlienEngine.lib" /MACHINE:X86 Release\AlienEngine.res
         Release\Allocator.obj
         Release\AllocatorRelease.obj
         Release\MemAllocatorGen.obj
         Release\MemBank_Pooled.obj
         Release\Memmgr.obj
         Release\MemUtility.obj
         Release\Pool_Static.obj
         Release\RawMemory.obj
         Release\Global.obj
         Release\Precompiled.obj
         Release\TestClass1.obj
         Release\main.obj
         Generating code
         Finished generating code
         AlienEngine.vcxproj -> E:\Work_Work\Backup\SVN\Team\Team_Alien\GAM 550\mem\Release\AlienEngine.exe
       Manifest:
         C:\Program Files (x86)\Microsoft SDKs\Windows\v7.0A\bin\mt.exe /nologo /verbose /outputresource:"E:\Work_Work\Backup\SVN\Team\Team_Alien\GAM 550\mem\Release\AlienEngine.exe;#1" /manifest Release\AlienEngine.exe.intermediate.manifest
       FinalizeBuildStatus:
         Deleting file "Release\AlienEngine.unsuccessfulbuild".
         Touching "Release\AlienEngine.lastbuildstate".
     1>Done Building Project "E:\Work_Work\Backup\SVN\Team\Team_Alien\GAM 550\mem\AlienEngine.vcxproj" (build target(s)).

Build succeeded.

Time Elapsed 00:00:02.13
