E:\WORK_WORK\BACKUP\SVN\TEAM\TEAM_ALIEN\GAM 550\MEM\RELEASE\ALIENENGINE.EXE
E:\WORK_WORK\BACKUP\SVN\TEAM\TEAM_ALIEN\GAM 550\MEM\RELEASE\ALIENENGINE.EXE.INTERMEDIATE.MANIFEST
E:\WORK_WORK\BACKUP\SVN\TEAM\TEAM_ALIEN\GAM 550\MEM\RELEASE\ALIENENGINE.PDB
E:\WORK_WORK\BACKUP\SVN\TEAM\TEAM_ALIEN\GAM 550\MEM\RELEASE\ALIENENGINE.RES
E:\Work_Work\Backup\SVN\Team\Team_Alien\GAM 550\mem\Release\AlienEngine.vcxprojResolveAssemblyReference.cache
E:\Work_Work\Backup\SVN\Team\Team_Alien\GAM 550\mem\Release\AlienEngine.write.1.tlog
E:\WORK_WORK\BACKUP\SVN\TEAM\TEAM_ALIEN\GAM 550\MEM\RELEASE\ALLOCATOR.OBJ
E:\WORK_WORK\BACKUP\SVN\TEAM\TEAM_ALIEN\GAM 550\MEM\RELEASE\ALLOCATOR_CUSTOM.OBJ
E:\WORK_WORK\BACKUP\SVN\TEAM\TEAM_ALIEN\GAM 550\MEM\RELEASE\ALLOCATOR_TRACKERONLY.OBJ
E:\WORK_WORK\BACKUP\SVN\TEAM\TEAM_ALIEN\GAM 550\MEM\RELEASE\ALLOCATORDEBUG.OBJ
E:\WORK_WORK\BACKUP\SVN\TEAM\TEAM_ALIEN\GAM 550\MEM\RELEASE\ALLOCATORRELEASE.OBJ
E:\Work_Work\Backup\SVN\Team\Team_Alien\GAM 550\mem\Release\cl.command.1.tlog
E:\Work_Work\Backup\SVN\Team\Team_Alien\GAM 550\mem\Release\CL.read.1.tlog
E:\Work_Work\Backup\SVN\Team\Team_Alien\GAM 550\mem\Release\CL.write.1.tlog
E:\WORK_WORK\BACKUP\SVN\TEAM\TEAM_ALIEN\GAM 550\MEM\RELEASE\GLOBAL.OBJ
E:\Work_Work\Backup\SVN\Team\Team_Alien\GAM 550\mem\Release\link.command.1.tlog
E:\Work_Work\Backup\SVN\Team\Team_Alien\GAM 550\mem\Release\link.read.1.tlog
E:\Work_Work\Backup\SVN\Team\Team_Alien\GAM 550\mem\Release\link.write.1.tlog
E:\Work_Work\Backup\SVN\Team\Team_Alien\GAM 550\mem\Release\link-cvtres.read.1.tlog
E:\Work_Work\Backup\SVN\Team\Team_Alien\GAM 550\mem\Release\link-cvtres.write.1.tlog
E:\WORK_WORK\BACKUP\SVN\TEAM\TEAM_ALIEN\GAM 550\MEM\RELEASE\MAIN.OBJ
E:\WORK_WORK\BACKUP\SVN\TEAM\TEAM_ALIEN\GAM 550\MEM\RELEASE\MEMALLOCATORGEN.OBJ
E:\WORK_WORK\BACKUP\SVN\TEAM\TEAM_ALIEN\GAM 550\MEM\RELEASE\MEMBANK_POOLED.OBJ
E:\WORK_WORK\BACKUP\SVN\TEAM\TEAM_ALIEN\GAM 550\MEM\RELEASE\MEMBANK_POOLED_DYNAMIC.OBJ
E:\WORK_WORK\BACKUP\SVN\TEAM\TEAM_ALIEN\GAM 550\MEM\RELEASE\MEMMGR.OBJ
E:\WORK_WORK\BACKUP\SVN\TEAM\TEAM_ALIEN\GAM 550\MEM\RELEASE\MEMUTILITY.OBJ
E:\Work_Work\Backup\SVN\Team\Team_Alien\GAM 550\mem\Release\mt.command.1.tlog
E:\Work_Work\Backup\SVN\Team\Team_Alien\GAM 550\mem\Release\mt.read.1.tlog
E:\Work_Work\Backup\SVN\Team\Team_Alien\GAM 550\mem\Release\mt.write.1.tlog
E:\WORK_WORK\BACKUP\SVN\TEAM\TEAM_ALIEN\GAM 550\MEM\RELEASE\PAGE.OBJ
E:\WORK_WORK\BACKUP\SVN\TEAM\TEAM_ALIEN\GAM 550\MEM\RELEASE\POOL_STATIC.OBJ
E:\WORK_WORK\BACKUP\SVN\TEAM\TEAM_ALIEN\GAM 550\MEM\RELEASE\PRECOMPILED.OBJ
E:\WORK_WORK\BACKUP\SVN\TEAM\TEAM_ALIEN\GAM 550\MEM\RELEASE\RAWMEMORY.OBJ
E:\Work_Work\Backup\SVN\Team\Team_Alien\GAM 550\mem\Release\rc.command.1.tlog
E:\Work_Work\Backup\SVN\Team\Team_Alien\GAM 550\mem\Release\rc.read.1.tlog
E:\Work_Work\Backup\SVN\Team\Team_Alien\GAM 550\mem\Release\rc.write.1.tlog
E:\WORK_WORK\BACKUP\SVN\TEAM\TEAM_ALIEN\GAM 550\MEM\RELEASE\TESTCLASS1.OBJ
E:\WORK_WORK\BACKUP\SVN\TEAM\TEAM_ALIEN\GAM 550\MEM\RELEASE\TRACKER.OBJ
E:\WORK_WORK\BACKUP\SVN\TEAM\TEAM_ALIEN\GAM 550\MEM\RELEASE\VC100.PDB
