C:\DOCUMENTS AND SETTINGS\SANTOSH.S\DESKTOP\GAME\DEBUG\GAMECORE.LIB
C:\Documents and Settings\santosh.s\Desktop\Game\GameCore\Debug\cl.command.1.tlog
C:\Documents and Settings\santosh.s\Desktop\Game\GameCore\Debug\CL.read.1.tlog
C:\Documents and Settings\santosh.s\Desktop\Game\GameCore\Debug\CL.write.1.tlog
C:\DOCUMENTS AND SETTINGS\SANTOSH.S\DESKTOP\GAME\GAMECORE\DEBUG\GAME.OBJ
C:\Documents and Settings\santosh.s\Desktop\Game\GameCore\Debug\GameCore.vcxprojResolveAssemblyReference.cache
C:\Documents and Settings\santosh.s\Desktop\Game\GameCore\Debug\GameCore.write.1.tlog
C:\DOCUMENTS AND SETTINGS\SANTOSH.S\DESKTOP\GAME\GAMECORE\DEBUG\GAMEOBJECT.OBJ
C:\Documents and Settings\santosh.s\Desktop\Game\GameCore\Debug\lib.command.1.tlog
C:\Documents and Settings\santosh.s\Desktop\Game\GameCore\Debug\Lib-link.read.1.tlog
C:\Documents and Settings\santosh.s\Desktop\Game\GameCore\Debug\Lib-link.write.1.tlog
C:\DOCUMENTS AND SETTINGS\SANTOSH.S\DESKTOP\GAME\GAMECORE\DEBUG\MATH2D.OBJ
C:\DOCUMENTS AND SETTINGS\SANTOSH.S\DESKTOP\GAME\GAMECORE\DEBUG\MATRIX2D.OBJ
C:\DOCUMENTS AND SETTINGS\SANTOSH.S\DESKTOP\GAME\GAMECORE\DEBUG\TEXTURE.OBJ
C:\Documents and Settings\santosh.s\Desktop\Game\GameCore\Debug\vc100.idb
C:\DOCUMENTS AND SETTINGS\SANTOSH.S\DESKTOP\GAME\GAMECORE\DEBUG\VC100.PDB
C:\DOCUMENTS AND SETTINGS\SANTOSH.S\DESKTOP\GAME\GAMECORE\DEBUG\VECTOR2D.OBJ
E:\WORK_WORK\BACKUP\SVN\TEAM\CS260\GAME\DEBUG\GAMECORE.LIB
E:\WORK_WORK\BACKUP\SVN\TEAM\CS260\GAME\GAMECORE\DEBUG\GAME.OBJ
E:\WORK_WORK\BACKUP\SVN\TEAM\CS260\GAME\GAMECORE\DEBUG\GAMEOBJECT.OBJ
E:\WORK_WORK\BACKUP\SVN\TEAM\CS260\GAME\GAMECORE\DEBUG\MATRIX2D.OBJ
E:\WORK_WORK\BACKUP\SVN\TEAM\CS260\GAME\GAMECORE\DEBUG\TEXTURE.OBJ
E:\WORK_WORK\BACKUP\SVN\TEAM\CS260\GAME\GAMECORE\DEBUG\VC100.PDB
E:\WORK_WORK\BACKUP\SVN\TEAM\CS260\GAME\GAMECORE\DEBUG\VECTOR2D.OBJ
