E:\WORK_WORK\BACKUP\SVN\TEAM\TEAM_ALIEN\GAM 550\ALIENENGINE\DEBUG\ACTIVATIONPROPERTIES.OBJ
E:\WORK_WORK\BACKUP\SVN\TEAM\TEAM_ALIEN\GAM 550\ALIENENGINE\DEBUG\ALIENENGINE.EXE
E:\WORK_WORK\BACKUP\SVN\TEAM\TEAM_ALIEN\GAM 550\ALIENENGINE\DEBUG\ALIENENGINE.EXE.EMBED.MANIFEST
E:\WORK_WORK\BACKUP\SVN\TEAM\TEAM_ALIEN\GAM 550\ALIENENGINE\DEBUG\ALIENENGINE.EXE.EMBED.MANIFEST.RES
E:\WORK_WORK\BACKUP\SVN\TEAM\TEAM_ALIEN\GAM 550\ALIENENGINE\DEBUG\ALIENENGINE.EXE.INTERMEDIATE.MANIFEST
E:\WORK_WORK\BACKUP\SVN\TEAM\TEAM_ALIEN\GAM 550\ALIENENGINE\DEBUG\ALIENENGINE.ILK
E:\WORK_WORK\BACKUP\SVN\TEAM\TEAM_ALIEN\GAM 550\ALIENENGINE\DEBUG\ALIENENGINE.PDB
E:\WORK_WORK\BACKUP\SVN\TEAM\TEAM_ALIEN\GAM 550\ALIENENGINE\DEBUG\ALIENENGINE.RES
E:\Work_Work\Backup\SVN\Team\Team_Alien\GAM 550\AlienEngine\Debug\AlienEngine.vcxprojResolveAssemblyReference.cache
E:\Work_Work\Backup\SVN\Team\Team_Alien\GAM 550\AlienEngine\Debug\AlienEngine.write.1.tlog
E:\Work_Work\Backup\SVN\Team\Team_Alien\GAM 550\AlienEngine\Debug\AlienEngine_manifest.rc
E:\WORK_WORK\BACKUP\SVN\TEAM\TEAM_ALIEN\GAM 550\ALIENENGINE\DEBUG\ALPHAMAPSHADERCLASS.OBJ
E:\WORK_WORK\BACKUP\SVN\TEAM\TEAM_ALIEN\GAM 550\ALIENENGINE\DEBUG\ANIMATESHADERCLASS.OBJ
E:\WORK_WORK\BACKUP\SVN\TEAM\TEAM_ALIEN\GAM 550\ALIENENGINE\DEBUG\ANIMATION.OBJ
E:\WORK_WORK\BACKUP\SVN\TEAM\TEAM_ALIEN\GAM 550\ALIENENGINE\DEBUG\ARCHETYPE.OBJ
E:\WORK_WORK\BACKUP\SVN\TEAM\TEAM_ALIEN\GAM 550\ALIENENGINE\DEBUG\AUDIO.OBJ
E:\WORK_WORK\BACKUP\SVN\TEAM\TEAM_ALIEN\GAM 550\ALIENENGINE\DEBUG\BASICLEVELS.OBJ
E:\WORK_WORK\BACKUP\SVN\TEAM\TEAM_ALIEN\GAM 550\ALIENENGINE\DEBUG\BITMAPCLASS.OBJ
E:\WORK_WORK\BACKUP\SVN\TEAM\TEAM_ALIEN\GAM 550\ALIENENGINE\DEBUG\BODY.OBJ
E:\WORK_WORK\BACKUP\SVN\TEAM\TEAM_ALIEN\GAM 550\ALIENENGINE\DEBUG\BOOMBOOM.OBJ
E:\WORK_WORK\BACKUP\SVN\TEAM\TEAM_ALIEN\GAM 550\ALIENENGINE\DEBUG\BUMPMAPSHADERCLASS.OBJ
E:\WORK_WORK\BACKUP\SVN\TEAM\TEAM_ALIEN\GAM 550\ALIENENGINE\DEBUG\CAMERACLASS.OBJ
E:\Work_Work\Backup\SVN\Team\Team_Alien\GAM 550\AlienEngine\Debug\cl.command.1.tlog
E:\Work_Work\Backup\SVN\Team\Team_Alien\GAM 550\AlienEngine\Debug\CL.read.1.tlog
E:\Work_Work\Backup\SVN\Team\Team_Alien\GAM 550\AlienEngine\Debug\CL.write.1.tlog
E:\WORK_WORK\BACKUP\SVN\TEAM\TEAM_ALIEN\GAM 550\ALIENENGINE\DEBUG\CLIPPLANESHADERCLASS.OBJ
E:\WORK_WORK\BACKUP\SVN\TEAM\TEAM_ALIEN\GAM 550\ALIENENGINE\DEBUG\COLLISION.OBJ
E:\WORK_WORK\BACKUP\SVN\TEAM\TEAM_ALIEN\GAM 550\ALIENENGINE\DEBUG\COLLISIONS.OBJ
E:\WORK_WORK\BACKUP\SVN\TEAM\TEAM_ALIEN\GAM 550\ALIENENGINE\DEBUG\COLORSHADERCLASS.OBJ
E:\WORK_WORK\BACKUP\SVN\TEAM\TEAM_ALIEN\GAM 550\ALIENENGINE\DEBUG\COMPOSITION.OBJ
E:\WORK_WORK\BACKUP\SVN\TEAM\TEAM_ALIEN\GAM 550\ALIENENGINE\DEBUG\CONNECTOR.OBJ
E:\WORK_WORK\BACKUP\SVN\TEAM\TEAM_ALIEN\GAM 550\ALIENENGINE\DEBUG\CONTACTS.OBJ
E:\WORK_WORK\BACKUP\SVN\TEAM\TEAM_ALIEN\GAM 550\ALIENENGINE\DEBUG\CORE.OBJ
E:\WORK_WORK\BACKUP\SVN\TEAM\TEAM_ALIEN\GAM 550\ALIENENGINE\DEBUG\CTESTCLASS1.OBJ
E:\WORK_WORK\BACKUP\SVN\TEAM\TEAM_ALIEN\GAM 550\ALIENENGINE\DEBUG\D3DCLASS.OBJ
E:\WORK_WORK\BACKUP\SVN\TEAM\TEAM_ALIEN\GAM 550\ALIENENGINE\DEBUG\DEBUGDRAW.OBJ
E:\WORK_WORK\BACKUP\SVN\TEAM\TEAM_ALIEN\GAM 550\ALIENENGINE\DEBUG\DEBUGGEOMETRY.OBJ
E:\WORK_WORK\BACKUP\SVN\TEAM\TEAM_ALIEN\GAM 550\ALIENENGINE\DEBUG\DEBUGPRINT.OBJ
E:\WORK_WORK\BACKUP\SVN\TEAM\TEAM_ALIEN\GAM 550\ALIENENGINE\DEBUG\DEBUGTOOLS.OBJ
E:\WORK_WORK\BACKUP\SVN\TEAM\TEAM_ALIEN\GAM 550\ALIENENGINE\DEBUG\DEBUGWINDOWCLASS.OBJ
E:\WORK_WORK\BACKUP\SVN\TEAM\TEAM_ALIEN\GAM 550\ALIENENGINE\DEBUG\FACTORY.OBJ
E:\WORK_WORK\BACKUP\SVN\TEAM\TEAM_ALIEN\GAM 550\ALIENENGINE\DEBUG\FADESHADERCLASS.OBJ
E:\WORK_WORK\BACKUP\SVN\TEAM\TEAM_ALIEN\GAM 550\ALIENENGINE\DEBUG\FILEPATH.OBJ
E:\WORK_WORK\BACKUP\SVN\TEAM\TEAM_ALIEN\GAM 550\ALIENENGINE\DEBUG\FILERW.OBJ
E:\WORK_WORK\BACKUP\SVN\TEAM\TEAM_ALIEN\GAM 550\ALIENENGINE\DEBUG\FOGSHADERCLASS.OBJ
E:\WORK_WORK\BACKUP\SVN\TEAM\TEAM_ALIEN\GAM 550\ALIENENGINE\DEBUG\FONTCLASS.OBJ
E:\WORK_WORK\BACKUP\SVN\TEAM\TEAM_ALIEN\GAM 550\ALIENENGINE\DEBUG\FONTSHADERCLASS.OBJ
E:\WORK_WORK\BACKUP\SVN\TEAM\TEAM_ALIEN\GAM 550\ALIENENGINE\DEBUG\FORCEGENERATOR.OBJ
E:\WORK_WORK\BACKUP\SVN\TEAM\TEAM_ALIEN\GAM 550\ALIENENGINE\DEBUG\FRUSTUMCLASS.OBJ
E:\WORK_WORK\BACKUP\SVN\TEAM\TEAM_ALIEN\GAM 550\ALIENENGINE\DEBUG\GAMEDATA.OBJ
E:\WORK_WORK\BACKUP\SVN\TEAM\TEAM_ALIEN\GAM 550\ALIENENGINE\DEBUG\GAMELOGIC.OBJ
E:\WORK_WORK\BACKUP\SVN\TEAM\TEAM_ALIEN\GAM 550\ALIENENGINE\DEBUG\GRAPHICS.OBJ
E:\WORK_WORK\BACKUP\SVN\TEAM\TEAM_ALIEN\GAM 550\ALIENENGINE\DEBUG\GRAPHICSASSETSLOADER.OBJ
E:\WORK_WORK\BACKUP\SVN\TEAM\TEAM_ALIEN\GAM 550\ALIENENGINE\DEBUG\GSM.OBJ
E:\WORK_WORK\BACKUP\SVN\TEAM\TEAM_ALIEN\GAM 550\ALIENENGINE\DEBUG\LEVEL_1.OBJ
E:\WORK_WORK\BACKUP\SVN\TEAM\TEAM_ALIEN\GAM 550\ALIENENGINE\DEBUG\LEVEL_2.OBJ
E:\WORK_WORK\BACKUP\SVN\TEAM\TEAM_ALIEN\GAM 550\ALIENENGINE\DEBUG\LIGHTCLASS.OBJ
E:\WORK_WORK\BACKUP\SVN\TEAM\TEAM_ALIEN\GAM 550\ALIENENGINE\DEBUG\LIGHTMAPSHADERCLASS.OBJ
E:\WORK_WORK\BACKUP\SVN\TEAM\TEAM_ALIEN\GAM 550\ALIENENGINE\DEBUG\LIGHTSHADERCLASS.OBJ
E:\WORK_WORK\BACKUP\SVN\TEAM\TEAM_ALIEN\GAM 550\ALIENENGINE\DEBUG\LINEDRAWER .OBJ
E:\Work_Work\Backup\SVN\Team\Team_Alien\GAM 550\AlienEngine\Debug\link.3940.read.1.tlog
E:\Work_Work\Backup\SVN\Team\Team_Alien\GAM 550\AlienEngine\Debug\link.3940.write.1.tlog
E:\Work_Work\Backup\SVN\Team\Team_Alien\GAM 550\AlienEngine\Debug\link.3940-cvtres.read.1.tlog
E:\Work_Work\Backup\SVN\Team\Team_Alien\GAM 550\AlienEngine\Debug\link.3940-cvtres.write.1.tlog
E:\Work_Work\Backup\SVN\Team\Team_Alien\GAM 550\AlienEngine\Debug\link.4288.read.1.tlog
E:\Work_Work\Backup\SVN\Team\Team_Alien\GAM 550\AlienEngine\Debug\link.4288.write.1.tlog
E:\Work_Work\Backup\SVN\Team\Team_Alien\GAM 550\AlienEngine\Debug\link.4288-cvtres.read.1.tlog
E:\Work_Work\Backup\SVN\Team\Team_Alien\GAM 550\AlienEngine\Debug\link.4288-cvtres.write.1.tlog
E:\Work_Work\Backup\SVN\Team\Team_Alien\GAM 550\AlienEngine\Debug\link.6104.read.1.tlog
E:\Work_Work\Backup\SVN\Team\Team_Alien\GAM 550\AlienEngine\Debug\link.6104.write.1.tlog
E:\Work_Work\Backup\SVN\Team\Team_Alien\GAM 550\AlienEngine\Debug\link.6104-cvtres.read.1.tlog
E:\Work_Work\Backup\SVN\Team\Team_Alien\GAM 550\AlienEngine\Debug\link.6104-cvtres.write.1.tlog
E:\Work_Work\Backup\SVN\Team\Team_Alien\GAM 550\AlienEngine\Debug\link.command.1.tlog
E:\Work_Work\Backup\SVN\Team\Team_Alien\GAM 550\AlienEngine\Debug\link.read.1.tlog
E:\Work_Work\Backup\SVN\Team\Team_Alien\GAM 550\AlienEngine\Debug\link.write.1.tlog
E:\Work_Work\Backup\SVN\Team\Team_Alien\GAM 550\AlienEngine\Debug\link-cvtres.read.1.tlog
E:\Work_Work\Backup\SVN\Team\Team_Alien\GAM 550\AlienEngine\Debug\link-cvtres.write.1.tlog
E:\WORK_WORK\BACKUP\SVN\TEAM\TEAM_ALIEN\GAM 550\ALIENENGINE\DEBUG\LOADLEVELCLASS.OBJ
E:\WORK_WORK\BACKUP\SVN\TEAM\TEAM_ALIEN\GAM 550\ALIENENGINE\DEBUG\LUALIBRARY.OBJ
E:\WORK_WORK\BACKUP\SVN\TEAM\TEAM_ALIEN\GAM 550\ALIENENGINE\DEBUG\MAGNET.OBJ
E:\WORK_WORK\BACKUP\SVN\TEAM\TEAM_ALIEN\GAM 550\ALIENENGINE\DEBUG\MAIN.OBJ
E:\WORK_WORK\BACKUP\SVN\TEAM\TEAM_ALIEN\GAM 550\ALIENENGINE\DEBUG\MATRIX3.OBJ
E:\WORK_WORK\BACKUP\SVN\TEAM\TEAM_ALIEN\GAM 550\ALIENENGINE\DEBUG\MATRIX4.OBJ
E:\WORK_WORK\BACKUP\SVN\TEAM\TEAM_ALIEN\GAM 550\ALIENENGINE\DEBUG\MESH.OBJ
E:\WORK_WORK\BACKUP\SVN\TEAM\TEAM_ALIEN\GAM 550\ALIENENGINE\DEBUG\MODEL.OBJ
E:\WORK_WORK\BACKUP\SVN\TEAM\TEAM_ALIEN\GAM 550\ALIENENGINE\DEBUG\MODELCLASS.OBJ
E:\WORK_WORK\BACKUP\SVN\TEAM\TEAM_ALIEN\GAM 550\ALIENENGINE\DEBUG\MODELCOMPONENT.OBJ
E:\WORK_WORK\BACKUP\SVN\TEAM\TEAM_ALIEN\GAM 550\ALIENENGINE\DEBUG\MODELCOMPONENT2.OBJ
E:\Work_Work\Backup\SVN\Team\Team_Alien\GAM 550\AlienEngine\Debug\mt.command.1.tlog
E:\Work_Work\Backup\SVN\Team\Team_Alien\GAM 550\AlienEngine\Debug\mt.read.1.tlog
E:\Work_Work\Backup\SVN\Team\Team_Alien\GAM 550\AlienEngine\Debug\mt.write.1.tlog
E:\WORK_WORK\BACKUP\SVN\TEAM\TEAM_ALIEN\GAM 550\ALIENENGINE\DEBUG\MULTITEXTURESHADERCLASS.OBJ
E:\WORK_WORK\BACKUP\SVN\TEAM\TEAM_ALIEN\GAM 550\ALIENENGINE\DEBUG\OBJECTACTIVATOR.OBJ
E:\WORK_WORK\BACKUP\SVN\TEAM\TEAM_ALIEN\GAM 550\ALIENENGINE\DEBUG\PARTICLE.OBJ
E:\WORK_WORK\BACKUP\SVN\TEAM\TEAM_ALIEN\GAM 550\ALIENENGINE\DEBUG\PARTICLECONTACTS.OBJ
E:\WORK_WORK\BACKUP\SVN\TEAM\TEAM_ALIEN\GAM 550\ALIENENGINE\DEBUG\PARTICLEFORCEGENERATOR.OBJ
E:\WORK_WORK\BACKUP\SVN\TEAM\TEAM_ALIEN\GAM 550\ALIENENGINE\DEBUG\PARTICLELINKS.OBJ
E:\WORK_WORK\BACKUP\SVN\TEAM\TEAM_ALIEN\GAM 550\ALIENENGINE\DEBUG\PARTICLEWORLD.OBJ
E:\WORK_WORK\BACKUP\SVN\TEAM\TEAM_ALIEN\GAM 550\ALIENENGINE\DEBUG\PHYSICS.OBJ
E:\WORK_WORK\BACKUP\SVN\TEAM\TEAM_ALIEN\GAM 550\ALIENENGINE\DEBUG\POWERGUN.OBJ
E:\WORK_WORK\BACKUP\SVN\TEAM\TEAM_ALIEN\GAM 550\ALIENENGINE\DEBUG\PRECOMPILED.OBJ
E:\WORK_WORK\BACKUP\SVN\TEAM\TEAM_ALIEN\GAM 550\ALIENENGINE\DEBUG\QUATERNION.OBJ
E:\Work_Work\Backup\SVN\Team\Team_Alien\GAM 550\AlienEngine\Debug\rc.command.1.tlog
E:\Work_Work\Backup\SVN\Team\Team_Alien\GAM 550\AlienEngine\Debug\rc.read.1.tlog
E:\Work_Work\Backup\SVN\Team\Team_Alien\GAM 550\AlienEngine\Debug\rc.write.1.tlog
E:\WORK_WORK\BACKUP\SVN\TEAM\TEAM_ALIEN\GAM 550\ALIENENGINE\DEBUG\RENDERTEXTUREBITMAPCLASS.OBJ
E:\WORK_WORK\BACKUP\SVN\TEAM\TEAM_ALIEN\GAM 550\ALIENENGINE\DEBUG\RENDERTEXTURECLASS.OBJ
E:\WORK_WORK\BACKUP\SVN\TEAM\TEAM_ALIEN\GAM 550\ALIENENGINE\DEBUG\RESOLUTION.OBJ
E:\WORK_WORK\BACKUP\SVN\TEAM\TEAM_ALIEN\GAM 550\ALIENENGINE\DEBUG\RIGIDBODY.OBJ
E:\WORK_WORK\BACKUP\SVN\TEAM\TEAM_ALIEN\GAM 550\ALIENENGINE\DEBUG\SAVELEVELCLASS.OBJ
E:\WORK_WORK\BACKUP\SVN\TEAM\TEAM_ALIEN\GAM 550\ALIENENGINE\DEBUG\SCRIPTCOMPONENT.OBJ
E:\WORK_WORK\BACKUP\SVN\TEAM\TEAM_ALIEN\GAM 550\ALIENENGINE\DEBUG\SCRIPTENGINE.OBJ
E:\WORK_WORK\BACKUP\SVN\TEAM\TEAM_ALIEN\GAM 550\ALIENENGINE\DEBUG\SPECMAPSHADERCLASS.OBJ
E:\WORK_WORK\BACKUP\SVN\TEAM\TEAM_ALIEN\GAM 550\ALIENENGINE\DEBUG\STOREMESSAGE.OBJ
E:\WORK_WORK\BACKUP\SVN\TEAM\TEAM_ALIEN\GAM 550\ALIENENGINE\DEBUG\TEXTCLASS.OBJ
E:\WORK_WORK\BACKUP\SVN\TEAM\TEAM_ALIEN\GAM 550\ALIENENGINE\DEBUG\TEXTSERIALIZATION.OBJ
E:\WORK_WORK\BACKUP\SVN\TEAM\TEAM_ALIEN\GAM 550\ALIENENGINE\DEBUG\TEXTUREARRAYCLASS.OBJ
E:\WORK_WORK\BACKUP\SVN\TEAM\TEAM_ALIEN\GAM 550\ALIENENGINE\DEBUG\TIMERCLASS.OBJ
E:\WORK_WORK\BACKUP\SVN\TEAM\TEAM_ALIEN\GAM 550\ALIENENGINE\DEBUG\TRANSFORM.OBJ
E:\WORK_WORK\BACKUP\SVN\TEAM\TEAM_ALIEN\GAM 550\ALIENENGINE\DEBUG\TRANSPARENTSHADERCLASS.OBJ
E:\WORK_WORK\BACKUP\SVN\TEAM\TEAM_ALIEN\GAM 550\ALIENENGINE\DEBUG\UTILITY.OBJ
E:\Work_Work\Backup\SVN\Team\Team_Alien\GAM 550\AlienEngine\Debug\vc100.idb
E:\WORK_WORK\BACKUP\SVN\TEAM\TEAM_ALIEN\GAM 550\ALIENENGINE\DEBUG\VC100.PDB
E:\WORK_WORK\BACKUP\SVN\TEAM\TEAM_ALIEN\GAM 550\ALIENENGINE\DEBUG\VECTOR3.OBJ
E:\WORK_WORK\BACKUP\SVN\TEAM\TEAM_ALIEN\GAM 550\ALIENENGINE\DEBUG\WINDOWSSYSTEM.OBJ
E:\WORK_WORK\BACKUP\SVN\TEAM\TEAM_ALIEN\GAM 550\ALIENENGINE\DEBUG\XMLSERIALIZATION.OBJ
