Build started 9/17/2012 4:52:08 PM.
     1>Project "E:\Work_Work\Backup\SVN\Team\Team_Alien_2\AlienEngine\AlienEngine.vcxproj" on node 2 (build target(s)).
     1>InitializeBuildStatus:
         Creating "Debug\AlienEngine.unsuccessfulbuild" because "AlwaysCreate" was specified.
       ClCompile:
         E:\Program Files (x86)\Microsoft Visual Studio 10.0\VC\bin\CL.exe /c /ILua\References\luabind\include /ILua\References\lua\include /ILua\References\boost\include /ZI /nologo /W3 /WX- /Od /Oy- /D WIN32 /D _DEBUG /D _CONSOLE /D _MBCS /Gm /EHsc /RTC1 /MDd /GS /fp:precise /Zc:wchar_t /Zc:forScope /Fo"Debug\\" /Fd"Debug\vc100.pdb" /Gd /TP /analyze- /errorReport:prompt source\LoadLevelClass.cpp
         LoadLevelClass.cpp
       ResourceCompile:
         All outputs are up-to-date.
       ManifestResourceCompile:
         All outputs are up-to-date.
       Link:
         E:\Program Files (x86)\Microsoft Visual Studio 10.0\VC\bin\link.exe /ERRORREPORT:PROMPT /OUT:"E:\Work_Work\Backup\SVN\Team\Team_Alien_2\AlienEngine\Debug\AlienEngine.exe" /INCREMENTAL /NOLOGO /LIBPATH:"Lua\References\luabind\msvc-10.0-x86" /LIBPATH:"Lua\References\lua\msvc-10.0-x86" dxgi.lib dxerr.lib d3d11.lib d3dx10.lib d3dx11.lib fmodex_vc.lib winmm.lib lua.Debug.lib luabind.Debug.lib kernel32.lib user32.lib gdi32.lib winspool.lib comdlg32.lib advapi32.lib shell32.lib ole32.lib oleaut32.lib uuid.lib odbc32.lib odbccp32.lib /MANIFEST /ManifestFile:"Debug\AlienEngine.exe.intermediate.manifest" /MANIFESTUAC:"level='asInvoker' uiAccess='false'" /DEBUG /PDB:"E:\Work_Work\Backup\SVN\Team\Team_Alien_2\AlienEngine\Debug\AlienEngine.pdb" /SUBSYSTEM:CONSOLE /TLBID:1 /DYNAMICBASE /NXCOMPAT /IMPLIB:"E:\Work_Work\Backup\SVN\Team\Team_Alien_2\AlienEngine\Debug\AlienEngine.lib" /MACHINE:X86 Debug\AlienEngine.res
         Debug\AlienEngine.exe.embed.manifest.res
         Debug\AnimateShaderClass.obj
         Debug\Animation.obj
         Debug\Archetype.obj
         Debug\Audio.obj
         Debug\BasicLevels.obj
         Debug\bitmapclass.obj
         Debug\cameraclass.obj
         Debug\d3dclass.obj
         Debug\DebugDraw.obj
         Debug\debugGeometry.obj
         Debug\DebugPrint.obj
         Debug\DebugTools.obj
         Debug\fontclass.obj
         Debug\GSM.obj
         Debug\Level_1.obj
         Debug\Level_2.obj
         Debug\lightclass.obj
         Debug\lightshaderclass.obj
         Debug\LoadLevelClass.obj
         Debug\Body.obj
         Debug\Collision.obj
         Debug\Composition.obj
         Debug\Core.obj
         Debug\Factory.obj
         Debug\FilePath.obj
         Debug\GameData.obj
         Debug\GameLogic.obj
         Debug\Graphics.obj
         Debug\Mesh.obj
         Debug\Model.obj
         Debug\Physics.obj
         Debug\Precompiled.obj
         Debug\Resolution.obj
         Debug\StoreMessage.obj
         Debug\TextSerialization.obj
         Debug\textureclass.obj
         Debug\Transform.obj
         Debug\Utility.obj
         Debug\VertexTypes.obj
         Debug\ModelComponent.obj
         Debug\WindowsSystem.obj
         Debug\main.obj
         Debug\XMLSerialization.obj
       Manifest:
         C:\Program Files (x86)\Microsoft SDKs\Windows\v7.0A\bin\mt.exe /nologo /verbose /out:"Debug\AlienEngine.exe.embed.manifest" /manifest Debug\AlienEngine.exe.intermediate.manifest
         All outputs are up-to-date.
       LinkEmbedManifest:
         All outputs are up-to-date.
         AlienEngine.vcxproj -> E:\Work_Work\Backup\SVN\Team\Team_Alien_2\AlienEngine\Debug\AlienEngine.exe
       FinalizeBuildStatus:
         Deleting file "Debug\AlienEngine.unsuccessfulbuild".
         Touching "Debug\AlienEngine.lastbuildstate".
     1>Done Building Project "E:\Work_Work\Backup\SVN\Team\Team_Alien_2\AlienEngine\AlienEngine.vcxproj" (build target(s)).

Build succeeded.

Time Elapsed 00:00:05.06
