Build started 7/19/2012 4:30:25 PM.
     1>Project "E:\Work_Work\Backup\SVN\Team\CS260\Prev_AsteroidsProj\Steven\CS230_Asteroids.vcxproj" on node 2 (build target(s)).
     1>InitializeBuildStatus:
         Creating "Release\CS230_Asteroids.unsuccessfulbuild" because "AlwaysCreate" was specified.
       ClCompile:
         E:\Program Files (x86)\Microsoft Visual Studio 10.0\VC\bin\CL.exe /c /I"e:\Program Files (x86)\Microsoft DirectX SDK (June 2010)\\Include" /I"..\..\..\Alpha_Engine (With Textures)\Alpha_Engine" /IInclude /Zi /nologo /W1 /WX- /O2 /Oy- /Gm- /EHsc /MD /GS /fp:precise /Zc:wchar_t /Zc:forScope /Fo"Release\\" /Fd"Release\vc100.pdb" /Gd /TP /analyze- /errorReport:prompt src\GameState_Asteroids.cpp src\GameStateMgr.cpp src\main.cpp include\Math2D.cpp include\Matrix2D.cpp include\Vector2D.cpp
         GameState_Asteroids.cpp
         GameStateMgr.cpp
         main.cpp
         Math2D.cpp
         Matrix2D.cpp
         Vector2D.cpp
         Generating Code...
       Link:
         E:\Program Files (x86)\Microsoft Visual Studio 10.0\VC\bin\link.exe /ERRORREPORT:PROMPT /OUT:"E:\Work_Work\Backup\SVN\Team\CS260\Prev_AsteroidsProj\Steven\Release\CS230_Asteroids.exe" /NOLOGO /LIBPATH:"e:\Program Files (x86)\Microsoft DirectX SDK (June 2010)\\Lib\x86" /LIBPATH:"..\..\..\Alpha_Engine (With Textures)\lib" Alpha_Engine.lib kernel32.lib user32.lib gdi32.lib winspool.lib comdlg32.lib advapi32.lib shell32.lib ole32.lib oleaut32.lib uuid.lib odbc32.lib odbccp32.lib /MANIFEST /ManifestFile:"Release\CS230_Asteroids.exe.intermediate.manifest" /MANIFESTUAC:"level='asInvoker' uiAccess='false'" /PDB:"E:\Work_Work\Backup\SVN\Team\CS260\Prev_AsteroidsProj\Steven\Release\CS230_Asteroids.pdb" /TLBID:1 /DYNAMICBASE:NO /IMPLIB:"E:\Work_Work\Backup\SVN\Team\CS260\Prev_AsteroidsProj\Steven\Release\CS230_Asteroids.lib" /MACHINE:X86 Release\GameState_Asteroids.obj
         Release\GameStateMgr.obj
         Release\main.obj
         Release\Math2D.obj
         Release\Matrix2D.obj
         Release\Vector2D.obj
         CS230_Asteroids.vcxproj -> E:\Work_Work\Backup\SVN\Team\CS260\Prev_AsteroidsProj\Steven\Release\CS230_Asteroids.exe
       Manifest:
         C:\Program Files (x86)\Microsoft SDKs\Windows\v7.0A\bin\mt.exe /nologo /verbose /outputresource:"E:\Work_Work\Backup\SVN\Team\CS260\Prev_AsteroidsProj\Steven\Release\CS230_Asteroids.exe;#1" /manifest Release\CS230_Asteroids.exe.intermediate.manifest
       FinalizeBuildStatus:
         Deleting file "Release\CS230_Asteroids.unsuccessfulbuild".
         Touching "Release\CS230_Asteroids.lastbuildstate".
     1>Done Building Project "E:\Work_Work\Backup\SVN\Team\CS260\Prev_AsteroidsProj\Steven\CS230_Asteroids.vcxproj" (build target(s)).

Build succeeded.

Time Elapsed 00:00:03.25
