C:\DOCUMENTS AND SETTINGS\SANTOSH.S\DESKTOP\GAME\ASTEROIDS\DEBUG\ASTEROIDS.EXE.EMBED.MANIFEST
C:\DOCUMENTS AND SETTINGS\SANTOSH.S\DESKTOP\GAME\ASTEROIDS\DEBUG\ASTEROIDS.EXE.EMBED.MANIFEST.RES
C:\DOCUMENTS AND SETTINGS\SANTOSH.S\DESKTOP\GAME\ASTEROIDS\DEBUG\ASTEROIDS.EXE.INTERMEDIATE.MANIFEST
C:\DOCUMENTS AND SETTINGS\SANTOSH.S\DESKTOP\GAME\ASTEROIDS\DEBUG\ASTEROIDS.OBJ
C:\Documents and Settings\santosh.s\Desktop\Game\Asteroids\Debug\Asteroids.write.1.tlog
C:\Documents and Settings\santosh.s\Desktop\Game\Asteroids\Debug\Asteroids_manifest.rc
C:\Documents and Settings\santosh.s\Desktop\Game\Asteroids\Debug\cl.command.1.tlog
C:\Documents and Settings\santosh.s\Desktop\Game\Asteroids\Debug\CL.read.1.tlog
C:\Documents and Settings\santosh.s\Desktop\Game\Asteroids\Debug\CL.write.1.tlog
C:\Documents and Settings\santosh.s\Desktop\Game\Asteroids\Debug\link.2128.read.1.tlog
C:\Documents and Settings\santosh.s\Desktop\Game\Asteroids\Debug\link.2128.write.1.tlog
C:\Documents and Settings\santosh.s\Desktop\Game\Asteroids\Debug\link.2128-cvtres.read.1.tlog
C:\Documents and Settings\santosh.s\Desktop\Game\Asteroids\Debug\link.2128-cvtres.write.1.tlog
C:\Documents and Settings\santosh.s\Desktop\Game\Asteroids\Debug\link.3200.read.1.tlog
C:\Documents and Settings\santosh.s\Desktop\Game\Asteroids\Debug\link.3200.write.1.tlog
C:\Documents and Settings\santosh.s\Desktop\Game\Asteroids\Debug\link.3200-cvtres.read.1.tlog
C:\Documents and Settings\santosh.s\Desktop\Game\Asteroids\Debug\link.3200-cvtres.write.1.tlog
C:\Documents and Settings\santosh.s\Desktop\Game\Asteroids\Debug\link.3516.read.1.tlog
C:\Documents and Settings\santosh.s\Desktop\Game\Asteroids\Debug\link.3516.write.1.tlog
C:\Documents and Settings\santosh.s\Desktop\Game\Asteroids\Debug\link.3516-cvtres.read.1.tlog
C:\Documents and Settings\santosh.s\Desktop\Game\Asteroids\Debug\link.3516-cvtres.write.1.tlog
C:\Documents and Settings\santosh.s\Desktop\Game\Asteroids\Debug\link.command.1.tlog
C:\Documents and Settings\santosh.s\Desktop\Game\Asteroids\Debug\link.read.1.tlog
C:\Documents and Settings\santosh.s\Desktop\Game\Asteroids\Debug\link.write.1.tlog
C:\Documents and Settings\santosh.s\Desktop\Game\Asteroids\Debug\link-cvtres.read.1.tlog
C:\Documents and Settings\santosh.s\Desktop\Game\Asteroids\Debug\link-cvtres.write.1.tlog
C:\Documents and Settings\santosh.s\Desktop\Game\Asteroids\Debug\mt.command.1.tlog
C:\Documents and Settings\santosh.s\Desktop\Game\Asteroids\Debug\mt.read.1.tlog
C:\Documents and Settings\santosh.s\Desktop\Game\Asteroids\Debug\mt.write.1.tlog
C:\Documents and Settings\santosh.s\Desktop\Game\Asteroids\Debug\rc.command.1.tlog
C:\Documents and Settings\santosh.s\Desktop\Game\Asteroids\Debug\rc.read.1.tlog
C:\Documents and Settings\santosh.s\Desktop\Game\Asteroids\Debug\rc.write.1.tlog
C:\DOCUMENTS AND SETTINGS\SANTOSH.S\DESKTOP\GAME\ASTEROIDS\DEBUG\TCPCONNECTION.OBJ
C:\DOCUMENTS AND SETTINGS\SANTOSH.S\DESKTOP\GAME\ASTEROIDS\DEBUG\UDPCONNECTION.OBJ
C:\DOCUMENTS AND SETTINGS\SANTOSH.S\DESKTOP\GAME\ASTEROIDS\DEBUG\UTILITY.OBJ
C:\Documents and Settings\santosh.s\Desktop\Game\Asteroids\Debug\vc100.idb
C:\DOCUMENTS AND SETTINGS\SANTOSH.S\DESKTOP\GAME\ASTEROIDS\DEBUG\VC100.PDB
C:\DOCUMENTS AND SETTINGS\SANTOSH.S\DESKTOP\GAME\ASTEROIDS\DEBUG\WINMAIN.OBJ
C:\DOCUMENTS AND SETTINGS\SANTOSH.S\DESKTOP\GAME\DEBUG\ASTEROIDS.EXE
C:\DOCUMENTS AND SETTINGS\SANTOSH.S\DESKTOP\GAME\DEBUG\ASTEROIDS.ILK
C:\DOCUMENTS AND SETTINGS\SANTOSH.S\DESKTOP\GAME\DEBUG\ASTEROIDS.PDB
E:\WORK_WORK\BACKUP\SVN\TEAM\CS260\GAME\ASTEROIDS\DEBUG\ASTEROIDS.EXE.EMBED.MANIFEST
E:\WORK_WORK\BACKUP\SVN\TEAM\CS260\GAME\ASTEROIDS\DEBUG\ASTEROIDS.EXE.EMBED.MANIFEST.RES
E:\WORK_WORK\BACKUP\SVN\TEAM\CS260\GAME\ASTEROIDS\DEBUG\ASTEROIDS.EXE.INTERMEDIATE.MANIFEST
E:\WORK_WORK\BACKUP\SVN\TEAM\CS260\GAME\ASTEROIDS\DEBUG\ASTEROIDS.OBJ
E:\WORK_WORK\BACKUP\SVN\TEAM\CS260\GAME\ASTEROIDS\DEBUG\VC100.PDB
E:\WORK_WORK\BACKUP\SVN\TEAM\CS260\GAME\DEBUG\ASTEROIDS.EXE
E:\WORK_WORK\BACKUP\SVN\TEAM\CS260\GAME\DEBUG\ASTEROIDS.ILK
E:\WORK_WORK\BACKUP\SVN\TEAM\CS260\GAME\DEBUG\ASTEROIDS.PDB
