Build started 7/26/2012 2:09:17 PM.
     1>Project "E:\Work_Work\Backup\SVN\Team\CS260\Game\Asteroids\Asteroids.vcxproj" on node 2 (build target(s)).
     1>InitializeBuildStatus:
         Touching "Debug\Asteroids.unsuccessfulbuild".
       ClCompile:
         E:\Program Files (x86)\Microsoft Visual Studio 10.0\VC\bin\CL.exe /c /I..\GameCore /ZI /nologo /W3 /WX- /Od /Oy- /D WIN32 /D _DEBUG /D _WINDOWS /Gm /EHsc /RTC1 /MDd /GS /fp:precise /Zc:wchar_t /Zc:forScope /Fo"Debug\\" /Fd"Debug\vc100.pdb" /Gd /TP /analyze- /errorReport:prompt networking\DataPacket.cpp networking\NetworkManager.cpp
         NetworkManager.cpp
     1>e:\work_work\backup\svn\team\cs260\game\asteroids\networking\networkmanager.cpp(187): warning C4996: 'std::basic_string<_Elem,_Traits,_Ax>::copy': Function call with parameters that may be unsafe - this call relies on the caller to check that the passed values are correct. To disable this warning, use -D_SCL_SECURE_NO_WARNINGS. See documentation on how to use Visual C++ 'Checked Iterators'
                 with
                 [
                     _Elem=char,
                     _Traits=std::char_traits<char>,
                     _Ax=std::allocator<char>
                 ]
                 e:\program files (x86)\microsoft visual studio 10.0\vc\include\xstring(1555) : see declaration of 'std::basic_string<_Elem,_Traits,_Ax>::copy'
                 with
                 [
                     _Elem=char,
                     _Traits=std::char_traits<char>,
                     _Ax=std::allocator<char>
                 ]
         DataPacket.cpp
         Generating Code...
       ManifestResourceCompile:
         All outputs are up-to-date.
       Link:
         E:\Program Files (x86)\Microsoft Visual Studio 10.0\VC\bin\link.exe /ERRORREPORT:PROMPT /OUT:"E:\Work_Work\Backup\SVN\Team\CS260\Game\Debug\Asteroids.exe" /INCREMENTAL /NOLOGO /LIBPATH:Alpha_Engine\Lib /LIBPATH:..\Debug dxerr.lib d3dx9d.lib d3d9.lib winmm.lib kernel32.lib user32.lib gdi32.lib winspool.lib comdlg32.lib advapi32.lib shell32.lib ole32.lib oleaut32.lib uuid.lib odbc32.lib odbccp32.lib /MANIFEST /ManifestFile:"Debug\Asteroids.exe.intermediate.manifest" /MANIFESTUAC:"level='asInvoker' uiAccess='false'" /DEBUG /PDB:"E:\Work_Work\Backup\SVN\Team\CS260\Game\Debug\Asteroids.pdb" /SUBSYSTEM:WINDOWS /TLBID:1 /DYNAMICBASE /NXCOMPAT /IMPLIB:"E:\Work_Work\Backup\SVN\Team\CS260\Game\Debug\Asteroids.lib" /MACHINE:X86 Debug\Asteroids.exe.embed.manifest.res
         Debug\Asteroids.obj
         Debug\Lobby.obj
         Debug\DataPacket.obj
         Debug\NetworkManager.obj
         Debug\TCPConnection.obj
         Debug\UDPConnection.obj
         Debug\Utility.obj
         Debug\WinMain.obj
       Manifest:
         C:\Program Files (x86)\Microsoft SDKs\Windows\v7.0A\bin\mt.exe /nologo /verbose /out:"Debug\Asteroids.exe.embed.manifest" /manifest Debug\Asteroids.exe.intermediate.manifest
         All outputs are up-to-date.
       LinkEmbedManifest:
         All outputs are up-to-date.
         Asteroids.vcxproj -> E:\Work_Work\Backup\SVN\Team\CS260\Game\Debug\Asteroids.exe
       FinalizeBuildStatus:
         Deleting file "Debug\Asteroids.unsuccessfulbuild".
         Touching "Debug\Asteroids.lastbuildstate".
     1>Done Building Project "E:\Work_Work\Backup\SVN\Team\CS260\Game\Asteroids\Asteroids.vcxproj" (build target(s)).

Build succeeded.

Time Elapsed 00:00:01.84
